<?xml version="1.0" encoding="UTF-8"?>
<!-- Generated by org.testng.reporters.JUnitReportReporter -->
<testsuite hostname="Ashraf-PC" name="TestAnnotations.PracticeAnnotations" tests="2" failures="0" timestamp="22 Jan 2017 16:26:25 GMT" time="0.067" errors="0">
  <testcase name="myTest1" time="0.030" classname="TestAnnotations.PracticeAnnotations"/>
  <testcase name="myTest2" time="0.037" classname="TestAnnotations.PracticeAnnotations"/>
</testsuite> <!-- TestAnnotations.PracticeAnnotations -->
